[debug] [2024-02-20T16:06:27.015Z] ----------------------------------------------------------------------
[debug] [2024-02-20T16:06:27.018Z] Command:       C:\Program Files\nodejs\node.exe C:\Users\packard bell\AppData\Roaming\npm\node_modules\firebase-tools\lib\bin\firebase.js login
[debug] [2024-02-20T16:06:27.019Z] CLI Version:   13.3.0
[debug] [2024-02-20T16:06:27.019Z] Platform:      win32
[debug] [2024-02-20T16:06:27.019Z] Node Version:  v18.18.0
[debug] [2024-02-20T16:06:27.020Z] Time:          Tue Feb 20 2024 17:06:27 GMT+0100 (heure normale d’Europe centrale)
[debug] [2024-02-20T16:06:27.020Z] ----------------------------------------------------------------------
[debug] 
[debug] [2024-02-20T16:06:27.024Z] >>> [apiv2][query] GET https://firebase-public.firebaseio.com/cli.json [none]
[info] i  Firebase optionally collects CLI and Emulator Suite usage and error reporting information to help improve our products. Data is collected in accordance with Google's privacy policy (https://policies.google.com/privacy) and is not used to identify you.
 
[info] i  To change your data collection preference at any time, run `firebase logout` and log in again. 
[info] 
[info] Visit this URL on this device to log in:
[info] https://accounts.google.com/o/oauth2/auth?client_id=563584335869-fgrhgmd47bqnekij5i8b5pr03ho849e6.apps.googleusercontent.com&scope=email%20openid%20https%3A%2F%2Fwww.googleapis.com%2Fauth%2Fcloudplatformprojects.readonly%20https%3A%2F%2Fwww.googleapis.com%2Fauth%2Ffirebase%20https%3A%2F%2Fwww.googleapis.com%2Fauth%2Fcloud-platform&response_type=code&state=184418007&redirect_uri=http%3A%2F%2Flocalhost%3A9005
[info] 
[info] Waiting for authentication...
[debug] [2024-02-20T16:06:27.684Z] Error: spawn cmd ENOENT
    at ChildProcess._handle.onexit (node:internal/child_process:284:19)
    at onErrorNT (node:internal/child_process:477:16)
    at process.processTicksAndRejections (node:internal/process/task_queues:82:21)
[error] 
[error] Error: An unexpected error has occurred.
[debug] [2024-02-20T18:35:19.903Z] ----------------------------------------------------------------------
[debug] [2024-02-20T18:35:19.906Z] Command:       C:\Program Files\nodejs\node.exe C:\Users\packard bell\AppData\Roaming\npm\node_modules\firebase-tools\lib\bin\firebase.js login
[debug] [2024-02-20T18:35:19.906Z] CLI Version:   13.3.0
[debug] [2024-02-20T18:35:19.906Z] Platform:      win32
[debug] [2024-02-20T18:35:19.907Z] Node Version:  v18.18.0
[debug] [2024-02-20T18:35:19.908Z] Time:          Tue Feb 20 2024 19:35:19 GMT+0100 (heure normale d’Europe centrale)
[debug] [2024-02-20T18:35:19.908Z] ----------------------------------------------------------------------
[debug] 
[debug] [2024-02-20T18:35:19.911Z] >>> [apiv2][query] GET https://firebase-public.firebaseio.com/cli.json [none]
[info] i  Firebase optionally collects CLI and Emulator Suite usage and error reporting information to help improve our products. Data is collected in accordance with Google's privacy policy (https://policies.google.com/privacy) and is not used to identify you.
 
[debug] [2024-02-20T18:35:20.378Z] <<< [apiv2][status] GET https://firebase-public.firebaseio.com/cli.json 200
[debug] [2024-02-20T18:35:20.380Z] <<< [apiv2][body] GET https://firebase-public.firebaseio.com/cli.json {"cloudBuildErrorAfter":1594252800000,"cloudBuildWarnAfter":1590019200000,"defaultNode10After":1594252800000,"minVersion":"3.0.5","node8DeploysDisabledAfter":1613390400000,"node8RuntimeDisabledAfter":1615809600000,"node8WarnAfter":1600128000000}
[info] i  To change your data collection preference at any time, run `firebase logout` and log in again. 
[info] 
[info] Visit this URL on this device to log in:
[info] https://accounts.google.com/o/oauth2/auth?client_id=563584335869-fgrhgmd47bqnekij5i8b5pr03ho849e6.apps.googleusercontent.com&scope=email%20openid%20https%3A%2F%2Fwww.googleapis.com%2Fauth%2Fcloudplatformprojects.readonly%20https%3A%2F%2Fwww.googleapis.com%2Fauth%2Ffirebase%20https%3A%2F%2Fwww.googleapis.com%2Fauth%2Fcloud-platform&response_type=code&state=424510770&redirect_uri=http%3A%2F%2Flocalhost%3A9005
[info] 
[info] Waiting for authentication...
[debug] [2024-02-20T18:35:25.708Z] Error: spawn cmd ENOENT
    at ChildProcess._handle.onexit (node:internal/child_process:284:19)
    at onErrorNT (node:internal/child_process:477:16)
    at process.processTicksAndRejections (node:internal/process/task_queues:82:21)
[error] 
[error] Error: An unexpected error has occurred.
